<?xml version="1.0" encoding="UTF-8"?>
<testng-results skipped="0" failed="0" ignored="0" total="1" passed="1">
  <reporter-output>
  </reporter-output>
  <suite name="Default suite" duration-ms="11596" started-at="2018-04-24T03:39:19Z" finished-at="2018-04-24T03:39:31Z">
    <groups>
    </groups>
    <test name="Default test" duration-ms="11596" started-at="2018-04-24T03:39:19Z" finished-at="2018-04-24T03:39:31Z">
      <class name="mainPackage.mainClass">
        <test-method status="PASS" signature="setDrivers()[pri:0, instance:mainPackage.mainClass@53b32d7]" name="setDrivers" is-config="true" duration-ms="11136" started-at="2018-04-24T03:39:19Z" finished-at="2018-04-24T03:39:30Z">
          <reporter-output>
          </reporter-output>
        </test-method> <!-- setDrivers -->
        <test-method status="PASS" signature="testingFramework()[pri:0, instance:mainPackage.mainClass@53b32d7]" name="testingFramework" duration-ms="428" started-at="2018-04-24T03:39:30Z" finished-at="2018-04-24T03:39:31Z">
          <reporter-output>
          </reporter-output>
        </test-method> <!-- testingFramework -->
      </class> <!-- mainPackage.mainClass -->
    </test> <!-- Default test -->
  </suite> <!-- Default suite -->
</testng-results>
