<?xml version="1.0" encoding="UTF-8"?>
<testng-results skipped="0" failed="0" ignored="0" total="1" passed="1">
  <reporter-output>
  </reporter-output>
  <suite name="Default suite" duration-ms="10662" started-at="2018-04-22T15:16:37Z" finished-at="2018-04-22T15:16:48Z">
    <groups>
    </groups>
    <test name="Default test" duration-ms="10662" started-at="2018-04-22T15:16:37Z" finished-at="2018-04-22T15:16:48Z">
      <class name="mainPackage.mainClass">
        <test-method status="PASS" signature="setDrivers()[pri:0, instance:mainPackage.mainClass@29ee9faa]" name="setDrivers" is-config="true" duration-ms="10463" started-at="2018-04-22T15:16:37Z" finished-at="2018-04-22T15:16:48Z">
          <reporter-output>
          </reporter-output>
        </test-method> <!-- setDrivers -->
        <test-method status="PASS" signature="testingFramework()[pri:0, instance:mainPackage.mainClass@29ee9faa]" name="testingFramework" duration-ms="169" started-at="2018-04-22T15:16:48Z" finished-at="2018-04-22T15:16:48Z">
          <reporter-output>
          </reporter-output>
        </test-method> <!-- testingFramework -->
      </class> <!-- mainPackage.mainClass -->
    </test> <!-- Default test -->
  </suite> <!-- Default suite -->
</testng-results>
